

Microchip MPLAB XC8 Assembler V2.32 build 20210201212658 
                                                                                                           Sat Jan  8 16:25:08 2022


     1                           	processor	18F2550
     2                           	pagewidth 132
     3                           	psect	const,global,reloc=2,class=CONST,delta=1,noexec
     4                           	psect	smallconst,global,reloc=2,class=SMALLCONST,delta=1,noexec
     5                           	psect	mediumconst,global,reloc=2,class=MEDIUMCONST,delta=1,noexec
     6                           	psect	rbss,global,class=COMRAM,space=1,delta=1,noexec
     7                           	psect	bss,global,class=RAM,space=1,delta=1,noexec
     8                           	psect	rdata,global,class=COMRAM,space=1,delta=1,noexec
     9                           	psect	irdata,global,reloc=2,class=CODE,delta=1,noexec
    10                           	psect	data,global,class=RAM,space=1,delta=1,noexec
    11                           	psect	idata,global,reloc=2,class=CODE,delta=1,noexec
    12                           	psect	nvrram,global,class=COMRAM,space=1,delta=1,noexec
    13                           	psect	nvbit,global,bit,class=COMRAM,space=1,delta=1,noexec
    14                           	psect	temp,global,ovrld,class=COMRAM,space=1,delta=1,noexec
    15                           	psect	struct,global,ovrld,class=COMRAM,space=1,delta=1,noexec
    16                           	psect	rbit,global,bit,class=COMRAM,space=1,delta=1,noexec
    17                           	psect	bigbss,global,class=BIGRAM,space=1,delta=1,noexec
    18                           	psect	bigdata,global,class=BIGRAM,space=1,delta=1,noexec
    19                           	psect	ibigdata,global,reloc=2,class=CODE,delta=1,noexec
    20                           	psect	farbss,global,reloc=2,class=FARRAM,delta=1,noexec
    21                           	psect	nvFARRAM,global,reloc=2,class=FARRAM,delta=1,noexec
    22                           	psect	fardata,global,reloc=2,class=FARRAM,delta=1,noexec
    23                           	psect	ifardata,global,reloc=2,class=CODE,delta=1,noexec
    24                           	psect	reset_vec,global,reloc=2,class=CODE,delta=1
    25                           	psect	powerup,global,reloc=2,class=CODE,delta=1
    26                           	psect	init,global,reloc=2,class=CODE,delta=1
    27                           	psect	text,global,reloc=2,class=CODE,delta=1
    28                           	psect	clrtext,global,reloc=2,class=CODE,delta=1
    29                           	psect	config,global,class=CONFIG,space=4,delta=1,noexec
    30                           	psect	idloc,global,class=IDLOC,space=5,delta=1,noexec
    31                           	psect	intcode,global,reloc=2,class=CODE,delta=1
    32                           	psect	intcode_body,global,reloc=2,class=CODE,delta=1
    33                           	psect	intcodelo,global,reloc=2,class=CODE,delta=1
    34                           	psect	intret,global,reloc=2,class=CODE,delta=1
    35                           	psect	intentry,global,reloc=2,class=CODE,delta=1
    36                           	psect	intsave_regs,global,class=BIGRAM,space=1,delta=1
    37                           	psect	eeprom_data,global,class=EEDATA,delta=1,noexec
    38                           	psect	ramtop,global,class=RAM,delta=1,noexec
    39                           	psect	stack,global,class=STACK,space=2,delta=1,noexec
    40                           	psect	comram,global,class=COMRAM,space=1,delta=1
    41                           	psect	abs1,global,class=ABS1,space=1,delta=1
    42                           	psect	bigram,global,class=BIGRAM,space=1,delta=1
    43                           	psect	ram,global,class=RAM,space=1,delta=1
    44                           	psect	bank0,global,class=BANK0,space=1,delta=1
    45                           	psect	bank1,global,class=BANK1,space=1,delta=1
    46                           	psect	bank2,global,class=BANK2,space=1,delta=1
    47                           	psect	bank3,global,class=BANK3,space=1,delta=1
    48                           	psect	bank4,global,class=BANK4,space=1,delta=1
    49                           	psect	bank5,global,class=BANK5,space=1,delta=1
    50                           	psect	bank6,global,class=BANK6,space=1,delta=1
    51                           	psect	bank7,global,class=BANK7,space=1,delta=1
    52                           	psect	sfr,global,class=SFR,space=1,delta=1
    53                           
    54                           ; Microchip MPLAB XC8 C Compiler V2.32
    55                           ; Copyright (C) 2021 Microchip Technology Inc.
    56                           ; Auto-generated runtime startup code for final link stage.
    57                           ;
    58                           ; Compiler options:
    59                           ;
    60                           ; --OUTDIR=hex main.c
    61                           ;
    62  0000                     
    63                           ; Version 2.32
    64                           ; Generated 02/02/2021 GMT
    65                           ; 
    66                           ; Copyright © 2021, Microchip Technology Inc. and its subsidiaries ("Microchip")
    67                           ; All rights reserved.
    68                           ; 
    69                           ; This software is developed by Microchip Technology Inc. and its subsidiaries ("Microchip").
    70                           ; 
    71                           ; Redistribution and use in source and binary forms, with or without modification, are
    72                           ; permitted provided that the following conditions are met:
    73                           ; 
    74                           ;     1. Redistributions of source code must retain the above copyright notice, this list of
    75                           ;        conditions and the following disclaimer.
    76                           ; 
    77                           ;     2. Redistributions in binary form must reproduce the above copyright notice, this list
    78                           ;        of conditions and the following disclaimer in the documentation and/or other
    79                           ;        materials provided with the distribution. Publication is not required when
    80                           ;        this file is used in an embedded application.
    81                           ; 
    82                           ;     3. Microchip's name may not be used to endorse or promote products derived from this
    83                           ;        software without specific prior written permission.
    84                           ; 
    85                           ; THIS SOFTWARE IS PROVIDED BY MICROCHIP "AS IS" AND ANY EXPRESS OR IMPLIED WARRANTIES,
    86                           ; INCLUDING, BUT NOT LIMITED TO, THE IMPLIED WARRANTIES OF MERCHANTABILITY AND FITNESS FOR
    87                           ; PURPOSE ARE DISCLAIMED.  IN NO EVENT SHALL MICROCHIP BE LIABLE FOR ANY DIRECT, INDIRECT,
    88                           ; INCIDENTAL, SPECIAL, EXEMPLARY, OR CONSEQUENTIAL DAMAGES (INCLUDING BUT NOT LIMITED TO
    89                           ; PROCUREMENT OF SUBSTITUTE GOODS OR SERVICES; LOSS OF USE, DATA OR PROFITS; OR BUSINESS
    90                           ; INTERRUPTION) HOWSOEVER CAUSED AND ON ANY THEORY OF LIABILITY, WHETHER IN CONTRACT, STRICT
    91                           ; LIABILITY, OR TORT (INCLUDING NEGLIGENCE OR OTHERWISE) ARISING IN ANY WAY OUT OF THE USE OF
    92                           ; THIS SOFTWARE, EVEN IF ADVISED OF THE POSSIBILITY OF SUCH DAMAGE.
    93                           ; 
    94                           ; 
    95                           ; Code-generator required, PIC18F2550 Definitions
    96                           ; 
    97                           ; SFR Addresses
    98  0000                     
    99                           	psect	smallconst
   100  000000                     __smallconst:
   101                           	callstack 0
   102                           
   103                           	psect	mediumconst
   104  000000                     __mediumconst:
   105                           	callstack 0	; top of RAM usage
   106                           
   107                           	psect	reset_vec
   108  000000                     
   109                           ; No powerup routine
   110                           ; jump to start
   111  000000  EF07  F000         	goto	start
   112  0000                     
   113                           ;Initialize the stack pointer (FSR1)
   114  0000                     
   115                           	psect	init
   116  00000E                     start:
   117                           	callstack 0
   118  00000E  EF17  F001         	goto	start_initialization	;jump to C runtime clear & initialization
   119                           
   120                           	psect	text
   121  000000                     intlevel0:
   122                           	callstack 0
   123  000000                     intlevel1:
   124                           	callstack 0
   125  000000                     intlevel2:
   126                           	callstack 0
   127  000000                     intlevel3:
   128                           	callstack 0
   129                           
   130                           	psect	ramtop
   131  000800                     __ramtop:
   132                           	callstack 0
   133                           
   134                           	psect	stack
   135  000000                     ___sp:
   136                           	callstack 0
   137  000000                     ___inthi_sp:
   138                           	callstack 0
   139  000000                     ___intlo_sp:
   140                           	callstack 0
   141                           tosu	equ	0xFFF
   142                           tosh	equ	0xFFE
   143                           tosl	equ	0xFFD
   144                           stkptr	equ	0xFFC
   145                           pclatu	equ	0xFFB
   146                           pclath	equ	0xFFA
   147                           pcl	equ	0xFF9
   148                           tblptru	equ	0xFF8
   149                           tblptrh	equ	0xFF7
   150                           tblptrl	equ	0xFF6
   151                           tablat	equ	0xFF5
   152                           prodh	equ	0xFF4
   153                           prodl	equ	0xFF3
   154                           indf0	equ	0xFEF
   155                           postinc0	equ	0xFEE
   156                           postdec0	equ	0xFED
   157                           preinc0	equ	0xFEC
   158                           plusw0	equ	0xFEB
   159                           fsr0h	equ	0xFEA
   160                           fsr0l	equ	0xFE9
   161                           wreg	equ	0xFE8
   162                           indf1	equ	0xFE7
   163                           postinc1	equ	0xFE6
   164                           postdec1	equ	0xFE5
   165                           preinc1	equ	0xFE4
   166                           plusw1	equ	0xFE3
   167                           fsr1h	equ	0xFE2
   168                           fsr1l	equ	0xFE1
   169                           bsr	equ	0xFE0
   170                           indf2	equ	0xFDF
   171                           postinc2	equ	0xFDE
   172                           postdec2	equ	0xFDD
   173                           preinc2	equ	0xFDC
   174                           plusw2	equ	0xFDB
   175                           fsr2h	equ	0xFDA
   176                           fsr2l	equ	0xFD9
   177                           status	equ	0xFD8


Microchip Technology PIC18 Macro Assembler V2.32 build 20210201212658 
Symbol Table                                                                                               Sat Jan  8 16:25:08 2022

                __S1 0018                 ___sp 0000                 _main 00DE                 start 000E  
              __HRAM 0000                __LRAM 0001               isa$std 000001         __mediumconst 0000  
             stackhi 0007FF               stacklo 000060           __accesstop 000060           ___inthi_sp 0000  
         ___intlo_sp 0000              __ramtop 0800  start_initialization 022E          __smallconst 0000  
           isa$xinst 000000             intlevel0 0000             intlevel1 0000             intlevel2 0000  
           intlevel3 0000             reset_vec 0000  
